Progress: resolved 1, reused 0, downloaded 0, added 0
Progress: resolved 72, reused 19, downloaded 0, added 0
Progress: resolved 88, reused 35, downloaded 0, added 0
Packages: +34
++++++++++++++++++++++++++++++++++
Progress: resolved 89, reused 36, downloaded 0, added 34, done
Proxy environment variables detected. We'll use your proxy for fetch requests.
{
    "wallTime": 1,
    "cpuTime": 0,
    "truncated": false,
    "executionModel": "stateless",
    "outcome": "ok",
    "scriptVersion": {
        "id": "b1ac992c-f198-43b2-b3dc-557296bc7d10"
    },
    "scriptName": "personal-blog-platform",
    "diagnosticsChannelEvents": [],
    "exceptions": [],
    "logs": [
        {
            "message": [
                "17:58:29 [ERROR] Error: No such module \"node:fs\".\n  imported from \"chunks/getPath_BIv6zdDl.mjs\""
            ],
            "level": "error",
            "timestamp": 1773597509936
        }
    ],
    "eventTimestamp": 1773597509936,
    "event": {
        "request": {
            "url": "https://blog.158247.xyz/rss.xml",
            "method": "GET",
            "headers": {
                "accept": "*/*",
                "accept-encoding": "gzip, br",
                "cf-connecting-ip": "155.254.122.216",
                "cf-ipcountry": "HK",
                "cf-ray": "9dcd68150fd4dd8b",
                "cf-visitor": "{\"scheme\":\"https\"}",
                "connection": "Keep-Alive",
                "host": "blog.158247.xyz",
                "user-agent": "curl/8.7.1",
                "x-forwarded-proto": "https",
                "x-real-ip": "155.254.122.216"
            },
            "cf": {
                "httpProtocol": "HTTP/1.1",
                "requestPriority": "",
                "edgeRequestKeepAliveStatus": 1,
                "requestHeaderNames": {},
                "clientTcpRtt": 0,
                "colo": "HKG",
                "asn": 38136,
                "asOrganization": "Akari Networks (Hong Kong)",
                "country": "HK",
                "isEUCountry": false,
                "city": "Hong Kong",
                "continent": "AS",
                "timezone": "Asia/Hong_Kong",
                "longitude": "114.17469",
                "latitude": "22.27832",
                "postalCode": "999077",
                "tlsVersion": "TLSv1.3",
                "tlsCipher": "AEAD-AES256-GCM-SHA384",
                "tlsClientRandom": "yOliTQRxc6uHXGZpPkDjnutdztnqOq+D2Yv3PLQqyp0=",
                "tlsClientCiphersSha1": "kTkJ+HAwBvIuoPFncb1wEDLcgfg=",
                "tlsClientExtensionsSha1": "DJYakxM3jwYPBn1DVLfZoE6jMQc=",
                "tlsClientExtensionsSha1Le": "/PR1sPUFGP7oBx9/S+cXGn4V9uQ=",
                "tlsExportedAuthenticator": {
                    "clientHandshake": "fce24c6156caaa4989c05b431bc3fcf735e3af67e7a9febef51a386213b6f93fe095ec2817f1ca648583b3aa5499c3c8",
                    "serverHandshake": "aa02aecf99cd5f9b05f174c4501cb042d7f5e2c631baf96916dcf699b2fdad55b25b65d34a3c0e5eeb7c31187600665f",
                    "clientFinished": "8e53ade29770d0b35631859ff6d670374260e57ae40ecf9e2d6da8f66549033a282b7317c78ff8ffbf53945405a7fd3e",
                    "serverFinished": "d44c0b2e8d0b2751213ea1cfeeb1ced95871d518f39117937b6d2413001699acc67ea03a8d531df206b67c9b17207dac"
                },
                "tlsClientHelloLength": "272",
                "tlsClientAuth": {
                    "certPresented": "0",
                    "certVerified": "NONE",
                    "certRevoked": "0",
                    "certIssuerDN": "",
                    "certSubjectDN": "",
                    "certIssuerDNRFC2253": "",
                    "certSubjectDNRFC2253": "",
                    "certIssuerDNLegacy": "",
                    "certSubjectDNLegacy": "",
                    "certSerial": "",
                    "certIssuerSerial": "",
                    "certSKI": "",
                    "certIssuerSKI": "",
                    "certFingerprintSHA1": "",
                    "certFingerprintSHA256": "",
                    "certNotBefore": "",
                    "certNotAfter": ""
                },
                "verifiedBotCategory": ""
            }
        },
        "response": {
            "status": 500
        }
    }
}
{
    "wallTime": 24,
    "cpuTime": 17,
    "truncated": false,
    "executionModel": "stateless",
    "outcome": "ok",
    "scriptVersion": {
        "id": "b1ac992c-f198-43b2-b3dc-557296bc7d10"
    },
    "scriptName": "personal-blog-platform",
    "diagnosticsChannelEvents": [],
    "exceptions": [],
    "logs": [],
    "eventTimestamp": 1773597613989,
    "event": {
        "request": {
            "url": "https://blog.158247.xyz/wp-admin/",
            "method": "GET",
            "headers": {
                "accept": "text/html,application/xhtml+xml,application/xml;q=0.9,image/avif,image/webp,*/*;q=0.8",
                "accept-encoding": "gzip, br",
                "accept-language": "ja-JP,ja;q=0.9,en;q=0.8",
                "cache-control": "max-age=0",
                "cf-connecting-ip": "94.26.106.205",
                "cf-ipcountry": "DE",
                "cf-ray": "9dcd6a9f5c63dbb7",
                "cf-visitor": "{\"scheme\":\"https\"}",
                "connection": "Keep-Alive",
                "dnt": "1",
                "host": "blog.158247.xyz",
                "upgrade-insecure-requests": "1",
                "user-agent": "Mozilla/5.0 (Windows NT 10.0; Win64; x64) Gecko/20100101 Firefox/119.0.1",
                "x-forwarded-proto": "https",
                "x-real-ip": "94.26.106.205"
            },
            "cf": {
                "httpProtocol": "HTTP/1.1",
                "clientAcceptEncoding": "gzip, deflate, br",
                "requestPriority": "",
                "edgeRequestKeepAliveStatus": 1,
                "requestHeaderNames": {},
                "clientTcpRtt": 1,
                "colo": "FRA",
                "asn": 215607,
                "asOrganization": "Telco power Ltd",
                "country": "DE",
                "isEUCountry": "1",
                "city": "Frankfurt am Main",
                "continent": "EU",
                "region": "Hesse",
                "regionCode": "HE",
                "timezone": "Europe/Berlin",
                "longitude": "8.68417",
                "latitude": "50.11552",
                "postalCode": "60306",
                "tlsVersion": "TLSv1.3",
                "tlsCipher": "AEAD-AES128-GCM-SHA256",
                "tlsClientRandom": "CAssRoJZ55nag1su4bU68q6lrFA7eqeTeuaezSgAgaM=",
                "tlsClientCiphersSha1": "qUlYa/u1n4QQ0ikv+ReyY9Hq/6I=",
                "tlsClientExtensionsSha1": "yDfLRLUvnck2yTmKv9aoiuL6wkQ=",
                "tlsClientExtensionsSha1Le": "u6EQtCC9U3vPyvj0sCkRlmKX5EY=",
                "tlsExportedAuthenticator": {
                    "clientHandshake": "4adfd186a5ff55a98fbd5fe4797be9f9c427ad87fd9bb9a47247a9aa7d4651d9",
                    "serverHandshake": "062c96bc64c6aafda2ede586edb132952a5523e392c639d6d0a5db792257fd23",
                    "clientFinished": "b8fbd382b1fa6dcd90659165370630a1e26f791d4729f253ce6ce116c6d1e181",
                    "serverFinished": "c96c62152c32af4635fb0d57b134d8641da52285719d1fb91bd6e1a91c68e8f7"
                },
                "tlsClientHelloLength": "555",
                "tlsClientAuth": {
                    "certPresented": "0",
                    "certVerified": "NONE",
                    "certRevoked": "0",
                    "certIssuerDN": "",
                    "certSubjectDN": "",
                    "certIssuerDNRFC2253": "",
                    "certSubjectDNRFC2253": "",
                    "certIssuerDNLegacy": "",
                    "certSubjectDNLegacy": "",
                    "certSerial": "",
                    "certIssuerSerial": "",
                    "certSKI": "",
                    "certIssuerSKI": "",
                    "certFingerprintSHA1": "",
                    "certFingerprintSHA256": "",
                    "certNotBefore": "",
                    "certNotAfter": ""
                },
                "verifiedBotCategory": ""
            }
        },
        "response": {
            "status": 404
        }
    }
}
{
    "wallTime": 25,
    "cpuTime": 17,
    "truncated": false,
    "executionModel": "stateless",
    "outcome": "ok",
    "scriptVersion": {
        "id": "b1ac992c-f198-43b2-b3dc-557296bc7d10"
    },
    "scriptName": "personal-blog-platform",
    "diagnosticsChannelEvents": [],
    "exceptions": [],
    "logs": [],
    "eventTimestamp": 1773597614109,
    "event": {
        "request": {
            "url": "http://blog.158247.xyz/wp-admin/",
            "method": "GET",
            "headers": {
                "accept": "text/html,application/xhtml+xml,application/xml;q=0.9,image/avif,image/webp,*/*;q=0.8",
                "accept-encoding": "gzip",
                "accept-language": "en-US,en;q=0.9",
                "cache-control": "max-age=0",
                "cf-connecting-ip": "94.26.106.205",
                "cf-ipcountry": "DE",
                "cf-ray": "9dcd6aa00bb41332",
                "cf-visitor": "{\"scheme\":\"http\"}",
                "connection": "Keep-Alive",
                "dnt": "1",
                "host": "blog.158247.xyz",
                "upgrade-insecure-requests": "1",
                "user-agent": "Mozilla/5.0 (Macintosh; Intel Mac OS X 10.15) Gecko/20100101 Firefox/120.0.1",
                "x-forwarded-proto": "http",
                "x-real-ip": "94.26.106.205"
            },
            "cf": {
                "httpProtocol": "HTTP/1.1",
                "clientAcceptEncoding": "gzip, deflate, br",
                "requestPriority": "",
                "edgeRequestKeepAliveStatus": 1,
                "requestHeaderNames": {},
                "clientTcpRtt": 1,
                "colo": "FRA",
                "asn": 215607,
                "asOrganization": "Telco power Ltd",
                "country": "DE",
                "isEUCountry": "1",
                "city": "Frankfurt am Main",
                "continent": "EU",
                "region": "Hesse",
                "regionCode": "HE",
                "timezone": "Europe/Berlin",
                "longitude": "8.68417",
                "latitude": "50.11552",
                "postalCode": "60306",
                "tlsVersion": "",
                "tlsCipher": "",
                "tlsClientRandom": "",
                "tlsClientCiphersSha1": "",
                "tlsClientExtensionsSha1": "",
                "tlsClientExtensionsSha1Le": "",
                "tlsClientHelloLength": "0",
                "tlsClientAuth": {
                    "certPresented": "0",
                    "certVerified": "NONE",
                    "certRevoked": "0",
                    "certIssuerDN": "",
                    "certSubjectDN": "",
                    "certIssuerDNRFC2253": "",
                    "certSubjectDNRFC2253": "",
                    "certIssuerDNLegacy": "",
                    "certSubjectDNLegacy": "",
                    "certSerial": "",
                    "certIssuerSerial": "",
                    "certSKI": "",
                    "certIssuerSKI": "",
                    "certFingerprintSHA1": "",
                    "certFingerprintSHA256": "",
                    "certNotBefore": "",
                    "certNotAfter": ""
                },
                "verifiedBotCategory": ""
            }
        },
        "response": {
            "status": 404
        }
    }
}
{
    "wallTime": 35,
    "cpuTime": 26,
    "truncated": false,
    "executionModel": "stateless",
    "outcome": "ok",
    "scriptVersion": {
        "id": "b1ac992c-f198-43b2-b3dc-557296bc7d10"
    },
    "scriptName": "personal-blog-platform",
    "diagnosticsChannelEvents": [],
    "exceptions": [],
    "logs": [],
    "eventTimestamp": 1773597613651,
    "event": {
        "request": {
            "url": "https://blog.158247.xyz/wp-login.php",
            "method": "GET",
            "headers": {
                "accept": "text/html,application/xhtml+xml,application/xml;q=0.9,image/avif,image/webp,image/apng,*/*;q=0.8,application/signed-exchange;v=b3;q=0.7",
                "accept-encoding": "gzip, br",
                "accept-language": "en-US,en;q=0.9",
                "cache-control": "no-cache",
                "cf-connecting-ip": "94.26.106.205",
                "cf-ipcountry": "DE",
                "cf-ray": "9dcd6a9d287b35fa",
                "cf-visitor": "{\"scheme\":\"https\"}",
                "connection": "Keep-Alive",
                "dnt": "1",
                "host": "blog.158247.xyz",
                "sec-ch-ua": "\"Not_A Brand\";v=\"8\", \"Chromium\";v=\"120\", \"Google Chrome\";v=\"120\"",
                "sec-ch-ua-mobile": "?0",
                "sec-ch-ua-platform": "\"macOS\"",
                "sec-fetch-dest": "document",
                "sec-fetch-mode": "navigate",
                "sec-fetch-site": "same-origin",
                "sec-fetch-user": "?1",
                "upgrade-insecure-requests": "1",
                "user-agent": "Mozilla/5.0 (Macintosh; Intel Mac OS X 10_15_7) AppleWebKit/537.36 (KHTML, like Gecko) Chrome/120.0.6099.130 Safari/537.36",
                "x-forwarded-proto": "https",
                "x-real-ip": "94.26.106.205"
            },
            "cf": {
                "httpProtocol": "HTTP/1.1",
                "clientAcceptEncoding": "gzip, deflate, br",
                "requestPriority": "",
                "edgeRequestKeepAliveStatus": 1,
                "requestHeaderNames": {},
                "clientTcpRtt": 0,
                "colo": "FRA",
                "asn": 215607,
                "asOrganization": "Telco power Ltd",
                "country": "DE",
                "isEUCountry": "1",
                "city": "Frankfurt am Main",
                "continent": "EU",
                "region": "Hesse",
                "regionCode": "HE",
                "timezone": "Europe/Berlin",
                "longitude": "8.68417",
                "latitude": "50.11552",
                "postalCode": "60306",
                "tlsVersion": "TLSv1.3",
                "tlsCipher": "AEAD-AES128-GCM-SHA256",
                "tlsClientRandom": "5zOGgWqQnYQ//3wWHjOuzwY9SExOOzQfdD6qgLIBaD0=",
                "tlsClientCiphersSha1": "EYU6t/aLxZCrLD9Ij7nRqOz6QDw=",
                "tlsClientExtensionsSha1": "GR5TamLubpByDQpuz2Dv42gsa8k=",
                "tlsClientExtensionsSha1Le": "sWeo2FWmCtq5TukKQ9XsX09OWHQ=",
                "tlsExportedAuthenticator": {
                    "clientHandshake": "01f697f517147680b00e9b48389a97167a088416ff19e8b1e7cf6ed397addb66",
                    "serverHandshake": "e0d42d118364d865c68b216ff1ac8f1b89f7968b032b09f72f7565e78ac9a173",
                    "clientFinished": "164272d5d0460d8a4b62c19653e1218f9a8fb93aeef483dea3cbddd0047e0873",
                    "serverFinished": "cf5da64f323df43dff336e8f75bc5f9dd894e436e55feea73197cd3043a618e5"
                },
                "tlsClientHelloLength": "587",
                "tlsClientAuth": {
                    "certPresented": "0",
                    "certVerified": "NONE",
                    "certRevoked": "0",
                    "certIssuerDN": "",
                    "certSubjectDN": "",
                    "certIssuerDNRFC2253": "",
                    "certSubjectDNRFC2253": "",
                    "certIssuerDNLegacy": "",
                    "certSubjectDNLegacy": "",
                    "certSerial": "",
                    "certIssuerSerial": "",
                    "certSKI": "",
                    "certIssuerSKI": "",
                    "certFingerprintSHA1": "",
                    "certFingerprintSHA256": "",
                    "certNotBefore": "",
                    "certNotAfter": ""
                },
                "verifiedBotCategory": ""
            }
        },
        "response": {
            "status": 404
        }
    }
}
{
    "wallTime": 32,
    "cpuTime": 22,
    "truncated": false,
    "executionModel": "stateless",
    "outcome": "ok",
    "scriptVersion": {
        "id": "b1ac992c-f198-43b2-b3dc-557296bc7d10"
    },
    "scriptName": "personal-blog-platform",
    "diagnosticsChannelEvents": [],
    "exceptions": [],
    "logs": [],
    "eventTimestamp": 1773597613783,
    "event": {
        "request": {
            "url": "http://blog.158247.xyz/wp-login.php",
            "method": "GET",
            "headers": {
                "accept": "text/html,application/xhtml+xml,application/xml;q=0.9,image/avif,image/webp,*/*;q=0.8",
                "accept-encoding": "gzip",
                "accept-language": "ja-JP,ja;q=0.9,en;q=0.8",
                "cf-connecting-ip": "94.26.106.205",
                "cf-ipcountry": "DE",
                "cf-ray": "9dcd6a9e0ee9d2ea",
                "cf-visitor": "{\"scheme\":\"http\"}",
                "connection": "Keep-Alive",
                "host": "blog.158247.xyz",
                "upgrade-insecure-requests": "1",
                "user-agent": "Mozilla/5.0 (X11; Linux x86_64) Gecko/20100101 Firefox/118.0.2",
                "x-forwarded-proto": "http",
                "x-real-ip": "94.26.106.205"
            },
            "cf": {
                "httpProtocol": "HTTP/1.1",
                "clientAcceptEncoding": "gzip, deflate, br",
                "requestPriority": "",
                "edgeRequestKeepAliveStatus": 1,
                "requestHeaderNames": {},
                "clientTcpRtt": 1,
                "colo": "FRA",
                "asn": 215607,
                "asOrganization": "Telco power Ltd",
                "country": "DE",
                "isEUCountry": "1",
                "city": "Frankfurt am Main",
                "continent": "EU",
                "region": "Hesse",
                "regionCode": "HE",
                "timezone": "Europe/Berlin",
                "longitude": "8.68417",
                "latitude": "50.11552",
                "postalCode": "60306",
                "tlsVersion": "",
                "tlsCipher": "",
                "tlsClientRandom": "",
                "tlsClientCiphersSha1": "",
                "tlsClientExtensionsSha1": "",
                "tlsClientExtensionsSha1Le": "",
                "tlsClientHelloLength": "0",
                "tlsClientAuth": {
                    "certPresented": "0",
                    "certVerified": "NONE",
                    "certRevoked": "0",
                    "certIssuerDN": "",
                    "certSubjectDN": "",
                    "certIssuerDNRFC2253": "",
                    "certSubjectDNRFC2253": "",
                    "certIssuerDNLegacy": "",
                    "certSubjectDNLegacy": "",
                    "certSerial": "",
                    "certIssuerSerial": "",
                    "certSKI": "",
                    "certIssuerSKI": "",
                    "certFingerprintSHA1": "",
                    "certFingerprintSHA256": "",
                    "certNotBefore": "",
                    "certNotAfter": ""
                },
                "verifiedBotCategory": ""
            }
        },
        "response": {
            "status": 404
        }
    }
}
{
    "wallTime": 12,
    "cpuTime": 11,
    "truncated": false,
    "executionModel": "stateless",
    "outcome": "ok",
    "scriptVersion": {
        "id": "1ab9606c-ca1c-4b81-864f-bc584729c549"
    },
    "scriptName": "personal-blog-platform",
    "diagnosticsChannelEvents": [],
    "exceptions": [],
    "logs": [],
    "eventTimestamp": 1773599045293,
    "event": {
        "request": {
            "url": "https://blog.158247.xyz/search/",
            "method": "GET",
            "headers": {
                "accept": "text/html,application/xhtml+xml,application/xml;q=0.9,image/avif,image/webp,image/apng,*/*;q=0.8,application/signed-exchange;v=b3;q=0.7",
                "accept-encoding": "gzip, br",
                "accept-language": "zh-CN,zh;q=0.9",
                "cf-connecting-ip": "155.254.122.216",
                "cf-ipcountry": "HK",
                "cf-ray": "9dcd8d910f5b0440",
                "cf-visitor": "{\"scheme\":\"https\"}",
                "connection": "Keep-Alive",
                "host": "blog.158247.xyz",
                "priority": "u=0, i",
                "sec-ch-ua": "\"Chromium\";v=\"146\", \"Not-A.Brand\";v=\"24\", \"Google Chrome\";v=\"146\"",
                "sec-ch-ua-mobile": "?0",
                "sec-ch-ua-platform": "\"Windows\"",
                "sec-fetch-dest": "document",
                "sec-fetch-mode": "navigate",
                "sec-fetch-site": "none",
                "sec-fetch-user": "?1",
                "upgrade-insecure-requests": "1",
                "user-agent": "Mozilla/5.0 (Windows NT 10.0; Win64; x64) AppleWebKit/537.36 (KHTML, like Gecko) Chrome/146.0.0.0 Safari/537.36",
                "x-forwarded-proto": "https",
                "x-real-ip": "155.254.122.216"
            },
            "cf": {
                "httpProtocol": "HTTP/2",
                "clientAcceptEncoding": "gzip, deflate, br",
                "requestPriority": "weight=256;exclusive=1",
                "edgeRequestKeepAliveStatus": 1,
                "requestHeaderNames": {},
                "clientTcpRtt": 0,
                "colo": "HKG",
                "asn": 38136,
                "asOrganization": "Akari Networks (Hong Kong)",
                "country": "HK",
                "isEUCountry": false,
                "city": "Hong Kong",
                "continent": "AS",
                "timezone": "Asia/Hong_Kong",
                "longitude": "114.17469",
                "latitude": "22.27832",
                "postalCode": "999077",
                "tlsVersion": "TLSv1.3",
                "tlsCipher": "AEAD-AES128-GCM-SHA256",
                "tlsClientRandom": "8X32/2xwRefJAnWKg4ydOi9VJ3gblXgB9jzjJPbbaww=",
                "tlsClientCiphersSha1": "ZxcxA5BufCXNhnBk/n02HY/qk6k=",
                "tlsClientExtensionsSha1": "ukOveboCQpkRuHTqdmdKyhCg7Hs=",
                "tlsClientExtensionsSha1Le": "wDnHUlt5v0QSCmuqrRPGso1k8xs=",
                "tlsExportedAuthenticator": {
                    "clientHandshake": "b513ff38fda98bb874807eed0feffa68cc0a88f9eb526e683912847277beb3c7",
                    "serverHandshake": "14dcb0b4768acc063dc3fb084de1975c1ab6f9f93e9c06368fc1e2985f1e6bca",
                    "clientFinished": "47fdb2d79a2b9ad85bdfb4ee6dc858fe28ce3fafce3dd712e0175df93b6cfe17",
                    "serverFinished": "ec3b2ec0f76568de166f01786262688bfe5b45c2683ca3c8b5aa778737a04b00"
                },
                "tlsClientHelloLength": "508",
                "tlsClientAuth": {
                    "certPresented": "0",
                    "certVerified": "NONE",
                    "certRevoked": "0",
                    "certIssuerDN": "",
                    "certSubjectDN": "",
                    "certIssuerDNRFC2253": "",
                    "certSubjectDNRFC2253": "",
                    "certIssuerDNLegacy": "",
                    "certSubjectDNLegacy": "",
                    "certSerial": "",
                    "certIssuerSerial": "",
                    "certSKI": "",
                    "certIssuerSKI": "",
                    "certFingerprintSHA1": "",
                    "certFingerprintSHA256": "",
                    "certNotBefore": "",
                    "certNotAfter": ""
                },
                "verifiedBotCategory": ""
            }
        },
        "response": {
            "status": 200
        }
    }
}
{
    "wallTime": 9,
    "cpuTime": 5,
    "truncated": false,
    "executionModel": "stateless",
    "outcome": "ok",
    "scriptVersion": {
        "id": "1ab9606c-ca1c-4b81-864f-bc584729c549"
    },
    "scriptName": "personal-blog-platform",
    "diagnosticsChannelEvents": [],
    "exceptions": [],
    "logs": [],
    "eventTimestamp": 1773599046292,
    "event": {
        "request": {
            "url": "https://blog.158247.xyz/favicon.svg",
            "method": "GET",
            "headers": {
                "accept": "image/avif,image/webp,image/apng,image/svg+xml,image/*,*/*;q=0.8",
                "accept-encoding": "gzip, br",
                "accept-language": "zh-CN,zh;q=0.9",
                "cf-connecting-ip": "155.254.122.216",
                "cf-ipcountry": "HK",
                "cf-ray": "9dcd8d974b810440",
                "cf-visitor": "{\"scheme\":\"https\"}",
                "connection": "Keep-Alive",
                "host": "blog.158247.xyz",
                "priority": "u=1, i",
                "referer": "https://blog.158247.xyz/search/",
                "sec-ch-ua": "\"Chromium\";v=\"146\", \"Not-A.Brand\";v=\"24\", \"Google Chrome\";v=\"146\"",
                "sec-ch-ua-mobile": "?0",
                "sec-ch-ua-platform": "\"Windows\"",
                "sec-fetch-dest": "image",
                "sec-fetch-mode": "no-cors",
                "sec-fetch-site": "same-origin",
                "user-agent": "Mozilla/5.0 (Windows NT 10.0; Win64; x64) AppleWebKit/537.36 (KHTML, like Gecko) Chrome/146.0.0.0 Safari/537.36",
                "x-forwarded-proto": "https",
                "x-real-ip": "155.254.122.216"
            },
            "cf": {
                "httpProtocol": "HTTP/2",
                "clientAcceptEncoding": "gzip, deflate, br",
                "requestPriority": "weight=220;exclusive=1",
                "edgeRequestKeepAliveStatus": 1,
                "requestHeaderNames": {},
                "clientTcpRtt": 1,
                "colo": "HKG",
                "asn": 38136,
                "asOrganization": "Akari Networks (Hong Kong)",
                "country": "HK",
                "isEUCountry": false,
                "city": "Hong Kong",
                "continent": "AS",
                "timezone": "Asia/Hong_Kong",
                "longitude": "114.17469",
                "latitude": "22.27832",
                "postalCode": "999077",
                "tlsVersion": "TLSv1.3",
                "tlsCipher": "AEAD-AES128-GCM-SHA256",
                "tlsClientRandom": "8X32/2xwRefJAnWKg4ydOi9VJ3gblXgB9jzjJPbbaww=",
                "tlsClientCiphersSha1": "ZxcxA5BufCXNhnBk/n02HY/qk6k=",
                "tlsClientExtensionsSha1": "ukOveboCQpkRuHTqdmdKyhCg7Hs=",
                "tlsClientExtensionsSha1Le": "wDnHUlt5v0QSCmuqrRPGso1k8xs=",
                "tlsExportedAuthenticator": {
                    "clientHandshake": "b513ff38fda98bb874807eed0feffa68cc0a88f9eb526e683912847277beb3c7",
                    "serverHandshake": "14dcb0b4768acc063dc3fb084de1975c1ab6f9f93e9c06368fc1e2985f1e6bca",
                    "clientFinished": "47fdb2d79a2b9ad85bdfb4ee6dc858fe28ce3fafce3dd712e0175df93b6cfe17",
                    "serverFinished": "ec3b2ec0f76568de166f01786262688bfe5b45c2683ca3c8b5aa778737a04b00"
                },
                "tlsClientHelloLength": "508",
                "tlsClientAuth": {
                    "certPresented": "0",
                    "certVerified": "NONE",
                    "certRevoked": "0",
                    "certIssuerDN": "",
                    "certSubjectDN": "",
                    "certIssuerDNRFC2253": "",
                    "certSubjectDNRFC2253": "",
                    "certIssuerDNLegacy": "",
                    "certSubjectDNLegacy": "",
                    "certSerial": "",
                    "certIssuerSerial": "",
                    "certSKI": "",
                    "certIssuerSKI": "",
                    "certFingerprintSHA1": "",
                    "certFingerprintSHA256": "",
                    "certNotBefore": "",
                    "certNotAfter": ""
                },
                "verifiedBotCategory": ""
            }
        },
        "response": {
            "status": 404
        }
    }
}
{
    "wallTime": 19,
    "cpuTime": 14,
    "truncated": false,
    "executionModel": "stateless",
    "outcome": "ok",
    "scriptVersion": {
        "id": "02c09287-58b7-45ab-9792-1432ece67d4f"
    },
    "scriptName": "personal-blog-platform",
    "diagnosticsChannelEvents": [],
    "exceptions": [],
    "logs": [],
    "eventTimestamp": 1773599319316,
    "event": {
        "request": {
            "url": "https://blog.158247.xyz/favicon.ico",
            "method": "GET",
            "headers": {
                "accept-encoding": "gzip, br",
                "accept-language": "en-US",
                "cf-connecting-ip": "2604:a880:2:d1::a85a:5001",
                "cf-ipcountry": "US",
                "cf-ray": "9dcd9441af113493",
                "cf-visitor": "{\"scheme\":\"https\"}",
                "connection": "Keep-Alive",
                "host": "blog.158247.xyz",
                "user-agent": "Mozilla/5.0 (Windows NT 10.0; Win64; x64; rv:148.0) Gecko/20100101 Firefox/148.0",
                "x-forwarded-proto": "https",
                "x-real-ip": "2604:a880:2:d1::a85a:5001"
            },
            "cf": {
                "httpProtocol": "HTTP/2",
                "clientAcceptEncoding": "gzip",
                "requestPriority": "weight=16;exclusive=0;group=0;group-weight=0",
                "edgeRequestKeepAliveStatus": 1,
                "requestHeaderNames": {},
                "clientTcpRtt": 1,
                "colo": "SJC",
                "asn": 14061,
                "asOrganization": "DigitalOcean, LLC",
                "country": "US",
                "isEUCountry": false,
                "city": "Santa Clara",
                "continent": "NA",
                "region": "California",
                "regionCode": "CA",
                "timezone": "America/Los_Angeles",
                "longitude": "-121.95524",
                "latitude": "37.35411",
                "postalCode": "95050",
                "metroCode": "807",
                "tlsVersion": "TLSv1.3",
                "tlsCipher": "AEAD-AES128-GCM-SHA256",
                "tlsClientRandom": "m4XvdGUreL2545K6wmx8t+E4BaThFuHAIBDg3nPWAkk=",
                "tlsClientCiphersSha1": "QrF6UadKW3vtNOqdNqbd4frxxxE=",
                "tlsClientExtensionsSha1": "4bG1Y8rLaQO7Zz8LsR9/kLSZA1k=",
                "tlsClientExtensionsSha1Le": "pMUsb7QtBZ73yrr4pkFYSqVzFlU=",
                "tlsExportedAuthenticator": {
                    "clientHandshake": "582623bcc6281203cf6cda0bbc988a1ae86344c0d6c6a39762b815e934ee1d03",
                    "serverHandshake": "ada5ff14562439ae41de0d9247643b1cb6b2897379a54111c601038609d92391",
                    "clientFinished": "3bf2cd906dbacfbd0bb751491e968fa5a44015bbdfc670ea8c2f98c9c9b74658",
                    "serverFinished": "1ca9dd426257c54e4f3b9013678e542f2802ca320e1ea28e0dc3e27056531554"
                },
                "tlsClientHelloLength": "1516",
                "tlsClientAuth": {
                    "certPresented": "0",
                    "certVerified": "NONE",
                    "certRevoked": "0",
                    "certIssuerDN": "",
                    "certSubjectDN": "",
                    "certIssuerDNRFC2253": "",
                    "certSubjectDNRFC2253": "",
                    "certIssuerDNLegacy": "",
                    "certSubjectDNLegacy": "",
                    "certSerial": "",
                    "certIssuerSerial": "",
                    "certSKI": "",
                    "certIssuerSKI": "",
                    "certFingerprintSHA1": "",
                    "certFingerprintSHA256": "",
                    "certNotBefore": "",
                    "certNotAfter": ""
                },
                "verifiedBotCategory": ""
            }
        },
        "response": {
            "status": 404
        }
    }
}
